<?xml version="1.0" encoding="UTF-8"?>
<!-- Generated by org.testng.reporters.JUnitReportReporter -->
<testsuite skipped="0" hostname="raghu-PC" name="com.hbl.test.Createuser" tests="1" failures="0" timestamp="11 Feb 2018 10:48:27 GMT" time="3.631" errors="0">
  <testcase name="createaccount" time="3.631" classname="com.hbl.test.Createuser"/>
</testsuite> <!-- com.hbl.test.Createuser -->
