<?xml version="1.0" encoding="UTF-8"?>
<!-- Generated by org.testng.reporters.JUnitReportReporter -->
<testsuite skipped="0" hostname="raghu-PC" name="generic.Fortest" tests="1" failures="0" timestamp="10 Feb 2018 13:51:38 GMT" time="2.209" errors="0">
  <testcase name="runnapp" time="2.209" classname="generic.Fortest"/>
</testsuite> <!-- generic.Fortest -->
